[0.195s] Invoking command in '/home/ubuntu/my_button_example/build/my_button_example': CMAKE_PREFIX_PATH=/home/ubuntu/install/push_button_pkg:/opt/ros/humble /usr/bin/cmake /home/ubuntu/my_button_example -DCMAKE_INSTALL_PREFIX=/home/ubuntu/my_button_example/install/my_button_example
[0.424s] -- The C compiler identification is GNU 11.4.0
[0.625s] -- The CXX compiler identification is GNU 11.4.0
[0.648s] -- Detecting C compiler ABI info
[0.845s] -- Detecting C compiler ABI info - done
[0.874s] -- Check for working C compiler: /usr/bin/cc - skipped
[0.878s] -- Detecting C compile features
[0.880s] -- Detecting C compile features - done
[0.888s] -- Detecting CXX compiler ABI info
[1.088s] -- Detecting CXX compiler ABI info - done
[1.111s] -- Check for working CXX compiler: /usr/bin/c++ - skipped
[1.111s] -- Detecting CXX compile features
[1.112s] -- Detecting CXX compile features - done
[1.124s] -- Found ament_cmake: 1.3.5 (/opt/ros/humble/share/ament_cmake/cmake)
[1.516s] -- Found Python3: /usr/bin/python3.10 (found version "3.10.12") found components: Interpreter 
[1.747s] -- Found ament_lint_auto: 0.12.8 (/opt/ros/humble/share/ament_lint_auto/cmake)
[1.952s] -- Added test 'cppcheck' to perform static code analysis on C / C++ code
[1.952s] -- Configured cppcheck include dirs: 
[1.952s] -- Configured cppcheck exclude dirs and/or files: 
[1.955s] -- Added test 'flake8' to check Python code syntax and style conventions
[1.958s] -- Added test 'lint_cmake' to check CMake code style
[1.961s] -- Added test 'pep257' to check Python code against some of the docstring style conventions in PEP 257
[1.971s] -- Added test 'uncrustify' to check C / C++ code style
[1.971s] -- Configured uncrustify additional arguments: 
[1.974s] -- Added test 'xmllint' to check XML markup files
[1.981s] -- Configuring done
[1.985s] -- Generating done
[1.987s] -- Build files have been written to: /home/ubuntu/my_button_example/build/my_button_example
[1.995s] Invoked command in '/home/ubuntu/my_button_example/build/my_button_example' returned '0': CMAKE_PREFIX_PATH=/home/ubuntu/install/push_button_pkg:/opt/ros/humble /usr/bin/cmake /home/ubuntu/my_button_example -DCMAKE_INSTALL_PREFIX=/home/ubuntu/my_button_example/install/my_button_example
[2.001s] Invoking command in '/home/ubuntu/my_button_example/build/my_button_example': CMAKE_PREFIX_PATH=/home/ubuntu/install/push_button_pkg:/opt/ros/humble /usr/bin/cmake --build /home/ubuntu/my_button_example/build/my_button_example -- -j2 -l2
[2.079s] Invoked command in '/home/ubuntu/my_button_example/build/my_button_example' returned '0': CMAKE_PREFIX_PATH=/home/ubuntu/install/push_button_pkg:/opt/ros/humble /usr/bin/cmake --build /home/ubuntu/my_button_example/build/my_button_example -- -j2 -l2
[2.144s] Invoking command in '/home/ubuntu/my_button_example/build/my_button_example': CMAKE_PREFIX_PATH=/home/ubuntu/install/push_button_pkg:/opt/ros/humble /usr/bin/cmake --install /home/ubuntu/my_button_example/build/my_button_example
[2.165s] -- Install configuration: ""
[2.168s] -- Installing: /home/ubuntu/my_button_example/install/my_button_example/share/ament_index/resource_index/package_run_dependencies/my_button_example
[2.171s] -- Installing: /home/ubuntu/my_button_example/install/my_button_example/share/ament_index/resource_index/parent_prefix_path/my_button_example
[2.174s] -- Installing: /home/ubuntu/my_button_example/install/my_button_example/share/my_button_example/environment/ament_prefix_path.sh
[2.175s] -- Installing: /home/ubuntu/my_button_example/install/my_button_example/share/my_button_example/environment/ament_prefix_path.dsv
[2.176s] -- Installing: /home/ubuntu/my_button_example/install/my_button_example/share/my_button_example/environment/path.sh
[2.177s] -- Installing: /home/ubuntu/my_button_example/install/my_button_example/share/my_button_example/environment/path.dsv
[2.177s] -- Installing: /home/ubuntu/my_button_example/install/my_button_example/share/my_button_example/local_setup.bash
[2.179s] -- Installing: /home/ubuntu/my_button_example/install/my_button_example/share/my_button_example/local_setup.sh
[2.180s] -- Installing: /home/ubuntu/my_button_example/install/my_button_example/share/my_button_example/local_setup.zsh
[2.182s] -- Installing: /home/ubuntu/my_button_example/install/my_button_example/share/my_button_example/local_setup.dsv
[2.183s] -- Installing: /home/ubuntu/my_button_example/install/my_button_example/share/my_button_example/package.dsv
[2.186s] -- Installing: /home/ubuntu/my_button_example/install/my_button_example/share/ament_index/resource_index/packages/my_button_example
[2.187s] -- Installing: /home/ubuntu/my_button_example/install/my_button_example/share/my_button_example/cmake/my_button_exampleConfig.cmake
[2.188s] -- Installing: /home/ubuntu/my_button_example/install/my_button_example/share/my_button_example/cmake/my_button_exampleConfig-version.cmake
[2.188s] -- Installing: /home/ubuntu/my_button_example/install/my_button_example/share/my_button_example/package.xml
[2.198s] Invoked command in '/home/ubuntu/my_button_example/build/my_button_example' returned '0': CMAKE_PREFIX_PATH=/home/ubuntu/install/push_button_pkg:/opt/ros/humble /usr/bin/cmake --install /home/ubuntu/my_button_example/build/my_button_example
