[2.835s] DEBUG:colcon:Command line arguments: ['/usr/bin/colcon', 'build', '--packages-select', 'my_button_example']
[2.835s] DEBUG:colcon:Parsed command line arguments: Namespace(log_base=None, log_level=None, verb_name='build', build_base='build', install_base='install', merge_install=False, symlink_install=False, test_result_base=None, continue_on_error=False, executor='parallel', parallel_workers=2, event_handlers=None, ignore_user_meta=False, metas=['./colcon.meta'], base_paths=['.'], packages_ignore=None, packages_ignore_regex=None, paths=None, packages_up_to=None, packages_up_to_regex=None, packages_above=None, packages_above_and_dependencies=None, packages_above_depth=None, packages_select_by_dep=None, packages_skip_by_dep=None, packages_skip_up_to=None, packages_select_build_failed=False, packages_skip_build_finished=False, packages_select_test_failures=False, packages_skip_test_passed=False, packages_select=['my_button_example'], packages_skip=None, packages_select_regex=None, packages_skip_regex=None, packages_start=None, packages_end=None, allow_overriding=[], cmake_args=None, cmake_target=None, cmake_target_skip_unavailable=False, cmake_clean_cache=False, cmake_clean_first=False, cmake_force_configure=False, ament_cmake_args=None, catkin_cmake_args=None, catkin_skip_building_tests=False, verb_parser=<colcon_defaults.argument_parser.defaults.DefaultArgumentsDecorator object at 0x7f89d67aa590>, verb_extension=<colcon_core.verb.build.BuildVerb object at 0x7f89d678d330>, main=<bound method BuildVerb.main of <colcon_core.verb.build.BuildVerb object at 0x7f89d678d330>>)
[2.963s] Level 1:colcon.colcon_core.package_discovery:discover_packages(colcon_meta) check parameters
[2.963s] Level 1:colcon.colcon_core.package_discovery:discover_packages(recursive) check parameters
[2.963s] Level 1:colcon.colcon_core.package_discovery:discover_packages(ignore) check parameters
[2.963s] Level 1:colcon.colcon_core.package_discovery:discover_packages(path) check parameters
[2.963s] Level 1:colcon.colcon_core.package_discovery:discover_packages(colcon_meta) discover
[2.963s] Level 1:colcon.colcon_core.package_discovery:discover_packages(recursive) discover
[2.964s] INFO:colcon.colcon_core.package_discovery:Crawling recursively for packages in '/home/ubuntu/my_button_example'
[2.964s] Level 1:colcon.colcon_core.package_identification:_identify(.) by extensions ['ignore', 'ignore_ament_install']
[2.964s] Level 1:colcon.colcon_core.package_identification:_identify(.) by extension 'ignore'
[2.964s] Level 1:colcon.colcon_core.package_identification:_identify(.) by extension 'ignore_ament_install'
[2.964s] Level 1:colcon.colcon_core.package_identification:_identify(.) by extensions ['colcon_pkg']
[2.964s] Level 1:colcon.colcon_core.package_identification:_identify(.) by extension 'colcon_pkg'
[2.964s] Level 1:colcon.colcon_core.package_identification:_identify(.) by extensions ['colcon_meta']
[2.964s] Level 1:colcon.colcon_core.package_identification:_identify(.) by extension 'colcon_meta'
[2.965s] Level 1:colcon.colcon_core.package_identification:_identify(.) by extensions ['ros']
[2.965s] Level 1:colcon.colcon_core.package_identification:_identify(.) by extension 'ros'
[2.995s] DEBUG:colcon.colcon_core.package_identification:Package '.' with type 'ros.ament_cmake' and name 'my_button_example'
[2.995s] Level 1:colcon.colcon_core.package_discovery:discover_packages(recursive) using defaults
[2.995s] Level 1:colcon.colcon_core.package_discovery:discover_packages(ignore) discover
[2.995s] Level 1:colcon.colcon_core.package_discovery:discover_packages(ignore) using defaults
[2.996s] Level 1:colcon.colcon_core.package_discovery:discover_packages(path) discover
[2.996s] Level 1:colcon.colcon_core.package_discovery:discover_packages(path) using defaults
[3.247s] Level 1:colcon.colcon_core.package_discovery:discover_packages(prefix_path) check parameters
[3.247s] Level 1:colcon.colcon_core.package_discovery:discover_packages(prefix_path) discover
[3.334s] DEBUG:colcon.colcon_installed_package_information.package_discovery:Found 1 installed packages in /home/ubuntu/install
[3.382s] DEBUG:colcon.colcon_installed_package_information.package_discovery:Found 396 installed packages in /opt/ros/humble
[3.387s] Level 1:colcon.colcon_core.package_discovery:discover_packages(prefix_path) using defaults
[3.752s] Level 5:colcon.colcon_core.verb:set package 'my_button_example' build argument 'cmake_args' from command line to 'None'
[3.752s] Level 5:colcon.colcon_core.verb:set package 'my_button_example' build argument 'cmake_target' from command line to 'None'
[3.752s] Level 5:colcon.colcon_core.verb:set package 'my_button_example' build argument 'cmake_target_skip_unavailable' from command line to 'False'
[3.752s] Level 5:colcon.colcon_core.verb:set package 'my_button_example' build argument 'cmake_clean_cache' from command line to 'False'
[3.752s] Level 5:colcon.colcon_core.verb:set package 'my_button_example' build argument 'cmake_clean_first' from command line to 'False'
[3.753s] Level 5:colcon.colcon_core.verb:set package 'my_button_example' build argument 'cmake_force_configure' from command line to 'False'
[3.753s] Level 5:colcon.colcon_core.verb:set package 'my_button_example' build argument 'ament_cmake_args' from command line to 'None'
[3.753s] Level 5:colcon.colcon_core.verb:set package 'my_button_example' build argument 'catkin_cmake_args' from command line to 'None'
[3.753s] Level 5:colcon.colcon_core.verb:set package 'my_button_example' build argument 'catkin_skip_building_tests' from command line to 'False'
[3.753s] DEBUG:colcon.colcon_core.verb:Building package 'my_button_example' with the following arguments: {'ament_cmake_args': None, 'build_base': '/home/ubuntu/my_button_example/build/my_button_example', 'catkin_cmake_args': None, 'catkin_skip_building_tests': False, 'cmake_args': None, 'cmake_clean_cache': False, 'cmake_clean_first': False, 'cmake_force_configure': False, 'cmake_target': None, 'cmake_target_skip_unavailable': False, 'install_base': '/home/ubuntu/my_button_example/install/my_button_example', 'merge_install': False, 'path': '/home/ubuntu/my_button_example', 'symlink_install': False, 'test_result_base': None}
[3.795s] INFO:colcon.colcon_core.executor:Executing jobs using 'parallel' executor
[3.839s] DEBUG:colcon.colcon_parallel_executor.executor.parallel:run_until_complete
[3.840s] INFO:colcon.colcon_ros.task.ament_cmake.build:Building ROS package in '/home/ubuntu/my_button_example' with build type 'ament_cmake'
[3.840s] INFO:colcon.colcon_cmake.task.cmake.build:Building CMake package in '/home/ubuntu/my_button_example'
[3.891s] INFO:colcon.colcon_core.plugin_system:Skipping extension 'colcon_core.shell.bat': Not used on non-Windows systems
[3.892s] INFO:colcon.colcon_core.shell:Skip shell extension 'powershell' for command environment: Not usable outside of PowerShell
[3.892s] DEBUG:colcon.colcon_core.shell:Skip shell extension 'dsv' for command environment
[4.037s] DEBUG:colcon.colcon_core.event_handler.log_command:Invoking command in '/home/ubuntu/my_button_example/build/my_button_example': CMAKE_PREFIX_PATH=/home/ubuntu/install/push_button_pkg:/opt/ros/humble /usr/bin/cmake /home/ubuntu/my_button_example -DCMAKE_INSTALL_PREFIX=/home/ubuntu/my_button_example/install/my_button_example
[5.837s] DEBUG:colcon.colcon_core.event_handler.log_command:Invoked command in '/home/ubuntu/my_button_example/build/my_button_example' returned '0': CMAKE_PREFIX_PATH=/home/ubuntu/install/push_button_pkg:/opt/ros/humble /usr/bin/cmake /home/ubuntu/my_button_example -DCMAKE_INSTALL_PREFIX=/home/ubuntu/my_button_example/install/my_button_example
[5.842s] DEBUG:colcon.colcon_core.event_handler.log_command:Invoking command in '/home/ubuntu/my_button_example/build/my_button_example': CMAKE_PREFIX_PATH=/home/ubuntu/install/push_button_pkg:/opt/ros/humble /usr/bin/cmake --build /home/ubuntu/my_button_example/build/my_button_example -- -j2 -l2
[5.920s] DEBUG:colcon.colcon_core.event_handler.log_command:Invoked command in '/home/ubuntu/my_button_example/build/my_button_example' returned '0': CMAKE_PREFIX_PATH=/home/ubuntu/install/push_button_pkg:/opt/ros/humble /usr/bin/cmake --build /home/ubuntu/my_button_example/build/my_button_example -- -j2 -l2
[5.985s] DEBUG:colcon.colcon_core.event_handler.log_command:Invoking command in '/home/ubuntu/my_button_example/build/my_button_example': CMAKE_PREFIX_PATH=/home/ubuntu/install/push_button_pkg:/opt/ros/humble /usr/bin/cmake --install /home/ubuntu/my_button_example/build/my_button_example
[6.035s] Level 1:colcon.colcon_core.environment:create_environment_scripts_only(my_button_example)
[6.039s] DEBUG:colcon.colcon_core.event_handler.log_command:Invoked command in '/home/ubuntu/my_button_example/build/my_button_example' returned '0': CMAKE_PREFIX_PATH=/home/ubuntu/install/push_button_pkg:/opt/ros/humble /usr/bin/cmake --install /home/ubuntu/my_button_example/build/my_button_example
[6.088s] Level 1:colcon.colcon_core.environment:checking '/home/ubuntu/my_button_example/install/my_button_example' for CMake module files
[6.090s] Level 1:colcon.colcon_core.environment:checking '/home/ubuntu/my_button_example/install/my_button_example' for CMake config files
[6.090s] Level 1:colcon.colcon_core.shell:create_environment_hook('my_button_example', 'cmake_prefix_path')
[6.133s] INFO:colcon.colcon_core.shell:Creating environment hook '/home/ubuntu/my_button_example/install/my_button_example/share/my_button_example/hook/cmake_prefix_path.ps1'
[6.134s] INFO:colcon.colcon_core.shell:Creating environment descriptor '/home/ubuntu/my_button_example/install/my_button_example/share/my_button_example/hook/cmake_prefix_path.dsv'
[6.135s] INFO:colcon.colcon_core.shell:Creating environment hook '/home/ubuntu/my_button_example/install/my_button_example/share/my_button_example/hook/cmake_prefix_path.sh'
[6.136s] Level 1:colcon.colcon_core.environment:checking '/home/ubuntu/my_button_example/install/my_button_example/bin'
[6.136s] Level 1:colcon.colcon_core.environment:checking '/home/ubuntu/my_button_example/install/my_button_example/lib/pkgconfig/my_button_example.pc'
[6.137s] Level 1:colcon.colcon_core.environment:checking '/home/ubuntu/my_button_example/install/my_button_example/lib/python3.10/site-packages'
[6.137s] Level 1:colcon.colcon_core.environment:checking '/home/ubuntu/my_button_example/install/my_button_example/bin'
[6.183s] INFO:colcon.colcon_core.shell:Creating package script '/home/ubuntu/my_button_example/install/my_button_example/share/my_button_example/package.ps1'
[6.185s] INFO:colcon.colcon_core.shell:Creating package descriptor '/home/ubuntu/my_button_example/install/my_button_example/share/my_button_example/package.dsv'
[6.186s] INFO:colcon.colcon_core.shell:Creating package script '/home/ubuntu/my_button_example/install/my_button_example/share/my_button_example/package.sh'
[6.188s] INFO:colcon.colcon_core.shell:Creating package script '/home/ubuntu/my_button_example/install/my_button_example/share/my_button_example/package.bash'
[6.190s] INFO:colcon.colcon_core.shell:Creating package script '/home/ubuntu/my_button_example/install/my_button_example/share/my_button_example/package.zsh'
[6.191s] Level 1:colcon.colcon_core.environment:create_file_with_runtime_dependencies(/home/ubuntu/my_button_example/install/my_button_example/share/colcon-core/packages/my_button_example)
[6.293s] Level 1:colcon.colcon_core.environment:create_environment_scripts_only(my_button_example)
[6.336s] Level 1:colcon.colcon_core.environment:checking '/home/ubuntu/my_button_example/install/my_button_example' for CMake module files
[6.337s] Level 1:colcon.colcon_core.environment:checking '/home/ubuntu/my_button_example/install/my_button_example' for CMake config files
[6.337s] Level 1:colcon.colcon_core.shell:create_environment_hook('my_button_example', 'cmake_prefix_path')
[6.380s] INFO:colcon.colcon_core.shell:Creating environment hook '/home/ubuntu/my_button_example/install/my_button_example/share/my_button_example/hook/cmake_prefix_path.ps1'
[6.381s] INFO:colcon.colcon_core.shell:Creating environment descriptor '/home/ubuntu/my_button_example/install/my_button_example/share/my_button_example/hook/cmake_prefix_path.dsv'
[6.382s] INFO:colcon.colcon_core.shell:Creating environment hook '/home/ubuntu/my_button_example/install/my_button_example/share/my_button_example/hook/cmake_prefix_path.sh'
[6.383s] Level 1:colcon.colcon_core.environment:checking '/home/ubuntu/my_button_example/install/my_button_example/bin'
[6.383s] Level 1:colcon.colcon_core.environment:checking '/home/ubuntu/my_button_example/install/my_button_example/lib/pkgconfig/my_button_example.pc'
[6.384s] Level 1:colcon.colcon_core.environment:checking '/home/ubuntu/my_button_example/install/my_button_example/lib/python3.10/site-packages'
[6.385s] Level 1:colcon.colcon_core.environment:checking '/home/ubuntu/my_button_example/install/my_button_example/bin'
[6.431s] INFO:colcon.colcon_core.shell:Creating package script '/home/ubuntu/my_button_example/install/my_button_example/share/my_button_example/package.ps1'
[6.432s] INFO:colcon.colcon_core.shell:Creating package descriptor '/home/ubuntu/my_button_example/install/my_button_example/share/my_button_example/package.dsv'
[6.433s] INFO:colcon.colcon_core.shell:Creating package script '/home/ubuntu/my_button_example/install/my_button_example/share/my_button_example/package.sh'
[6.434s] INFO:colcon.colcon_core.shell:Creating package script '/home/ubuntu/my_button_example/install/my_button_example/share/my_button_example/package.bash'
[6.435s] INFO:colcon.colcon_core.shell:Creating package script '/home/ubuntu/my_button_example/install/my_button_example/share/my_button_example/package.zsh'
[6.436s] Level 1:colcon.colcon_core.environment:create_file_with_runtime_dependencies(/home/ubuntu/my_button_example/install/my_button_example/share/colcon-core/packages/my_button_example)
[6.436s] DEBUG:colcon.colcon_parallel_executor.executor.parallel:closing loop
[6.437s] DEBUG:colcon.colcon_parallel_executor.executor.parallel:loop closed
[6.437s] DEBUG:colcon.colcon_parallel_executor.executor.parallel:run_until_complete finished with '0'
[6.437s] DEBUG:colcon.colcon_core.event_reactor:joining thread
[6.494s] INFO:colcon.colcon_core.plugin_system:Skipping extension 'colcon_notification.desktop_notification.terminal_notifier': Not used on non-Darwin systems
[6.494s] INFO:colcon.colcon_core.plugin_system:Skipping extension 'colcon_notification.desktop_notification.win32': Not used on non-Windows systems
[6.495s] INFO:colcon.colcon_notification.desktop_notification:Sending desktop notification using 'notify2'
[6.521s] DEBUG:colcon.colcon_core.event_reactor:joined thread
[6.565s] INFO:colcon.colcon_core.shell:Creating prefix script '/home/ubuntu/my_button_example/install/local_setup.ps1'
[6.568s] INFO:colcon.colcon_core.shell:Creating prefix util module '/home/ubuntu/my_button_example/install/_local_setup_util_ps1.py'
[6.571s] INFO:colcon.colcon_core.shell:Creating prefix chain script '/home/ubuntu/my_button_example/install/setup.ps1'
[6.617s] INFO:colcon.colcon_core.shell:Creating prefix script '/home/ubuntu/my_button_example/install/local_setup.sh'
[6.619s] INFO:colcon.colcon_core.shell:Creating prefix util module '/home/ubuntu/my_button_example/install/_local_setup_util_sh.py'
[6.621s] INFO:colcon.colcon_core.shell:Creating prefix chain script '/home/ubuntu/my_button_example/install/setup.sh'
[6.669s] INFO:colcon.colcon_core.shell:Creating prefix script '/home/ubuntu/my_button_example/install/local_setup.bash'
[6.670s] INFO:colcon.colcon_core.shell:Creating prefix chain script '/home/ubuntu/my_button_example/install/setup.bash'
[6.725s] INFO:colcon.colcon_core.shell:Creating prefix script '/home/ubuntu/my_button_example/install/local_setup.zsh'
[6.726s] INFO:colcon.colcon_core.shell:Creating prefix chain script '/home/ubuntu/my_button_example/install/setup.zsh'
