[2.814s] DEBUG:colcon:Command line arguments: ['/usr/bin/colcon', 'build', '--packages-select', 'my_button_example']
[2.814s] DEBUG:colcon:Parsed command line arguments: Namespace(log_base=None, log_level=None, verb_name='build', build_base='build', install_base='install', merge_install=False, symlink_install=False, test_result_base=None, continue_on_error=False, executor='parallel', parallel_workers=2, event_handlers=None, ignore_user_meta=False, metas=['./colcon.meta'], base_paths=['.'], packages_ignore=None, packages_ignore_regex=None, paths=None, packages_up_to=None, packages_up_to_regex=None, packages_above=None, packages_above_and_dependencies=None, packages_above_depth=None, packages_select_by_dep=None, packages_skip_by_dep=None, packages_skip_up_to=None, packages_select_build_failed=False, packages_skip_build_finished=False, packages_select_test_failures=False, packages_skip_test_passed=False, packages_select=['my_button_example'], packages_skip=None, packages_select_regex=None, packages_skip_regex=None, packages_start=None, packages_end=None, allow_overriding=[], cmake_args=None, cmake_target=None, cmake_target_skip_unavailable=False, cmake_clean_cache=False, cmake_clean_first=False, cmake_force_configure=False, ament_cmake_args=None, catkin_cmake_args=None, catkin_skip_building_tests=False, verb_parser=<colcon_defaults.argument_parser.defaults.DefaultArgumentsDecorator object at 0x7fe24b928460>, verb_extension=<colcon_core.verb.build.BuildVerb object at 0x7fe24b92a440>, main=<bound method BuildVerb.main of <colcon_core.verb.build.BuildVerb object at 0x7fe24b92a440>>)
[2.942s] Level 1:colcon.colcon_core.package_discovery:discover_packages(colcon_meta) check parameters
[2.942s] Level 1:colcon.colcon_core.package_discovery:discover_packages(recursive) check parameters
[2.942s] Level 1:colcon.colcon_core.package_discovery:discover_packages(ignore) check parameters
[2.942s] Level 1:colcon.colcon_core.package_discovery:discover_packages(path) check parameters
[2.942s] Level 1:colcon.colcon_core.package_discovery:discover_packages(colcon_meta) discover
[2.942s] Level 1:colcon.colcon_core.package_discovery:discover_packages(recursive) discover
[2.943s] INFO:colcon.colcon_core.package_discovery:Crawling recursively for packages in '/home/ubuntu/my_button_example'
[2.943s] Level 1:colcon.colcon_core.package_identification:_identify(.) by extensions ['ignore', 'ignore_ament_install']
[2.943s] Level 1:colcon.colcon_core.package_identification:_identify(.) by extension 'ignore'
[2.943s] Level 1:colcon.colcon_core.package_identification:_identify(.) by extension 'ignore_ament_install'
[2.943s] Level 1:colcon.colcon_core.package_identification:_identify(.) by extensions ['colcon_pkg']
[2.943s] Level 1:colcon.colcon_core.package_identification:_identify(.) by extension 'colcon_pkg'
[2.944s] Level 1:colcon.colcon_core.package_identification:_identify(.) by extensions ['colcon_meta']
[2.944s] Level 1:colcon.colcon_core.package_identification:_identify(.) by extension 'colcon_meta'
[2.944s] Level 1:colcon.colcon_core.package_identification:_identify(.) by extensions ['ros']
[2.944s] Level 1:colcon.colcon_core.package_identification:_identify(.) by extension 'ros'
[2.974s] DEBUG:colcon.colcon_core.package_identification:Package '.' with type 'ros.ament_cmake' and name 'my_button_example'
[2.974s] Level 1:colcon.colcon_core.package_discovery:discover_packages(recursive) using defaults
[2.974s] Level 1:colcon.colcon_core.package_discovery:discover_packages(ignore) discover
[2.974s] Level 1:colcon.colcon_core.package_discovery:discover_packages(ignore) using defaults
[2.974s] Level 1:colcon.colcon_core.package_discovery:discover_packages(path) discover
[2.974s] Level 1:colcon.colcon_core.package_discovery:discover_packages(path) using defaults
[3.225s] Level 1:colcon.colcon_core.package_discovery:discover_packages(prefix_path) check parameters
[3.225s] Level 1:colcon.colcon_core.package_discovery:discover_packages(prefix_path) discover
[3.313s] DEBUG:colcon.colcon_installed_package_information.package_discovery:Found 1 installed packages in /home/ubuntu/my_button_example/install
[3.356s] DEBUG:colcon.colcon_installed_package_information.package_discovery:Found 1 installed packages in /home/ubuntu/install
[3.406s] DEBUG:colcon.colcon_installed_package_information.package_discovery:Found 396 installed packages in /opt/ros/humble
[3.420s] Level 1:colcon.colcon_core.package_discovery:discover_packages(prefix_path) using defaults
[3.804s] Level 5:colcon.colcon_core.verb:set package 'my_button_example' build argument 'cmake_args' from command line to 'None'
[3.805s] Level 5:colcon.colcon_core.verb:set package 'my_button_example' build argument 'cmake_target' from command line to 'None'
[3.805s] Level 5:colcon.colcon_core.verb:set package 'my_button_example' build argument 'cmake_target_skip_unavailable' from command line to 'False'
[3.805s] Level 5:colcon.colcon_core.verb:set package 'my_button_example' build argument 'cmake_clean_cache' from command line to 'False'
[3.805s] Level 5:colcon.colcon_core.verb:set package 'my_button_example' build argument 'cmake_clean_first' from command line to 'False'
[3.805s] Level 5:colcon.colcon_core.verb:set package 'my_button_example' build argument 'cmake_force_configure' from command line to 'False'
[3.805s] Level 5:colcon.colcon_core.verb:set package 'my_button_example' build argument 'ament_cmake_args' from command line to 'None'
[3.805s] Level 5:colcon.colcon_core.verb:set package 'my_button_example' build argument 'catkin_cmake_args' from command line to 'None'
[3.805s] Level 5:colcon.colcon_core.verb:set package 'my_button_example' build argument 'catkin_skip_building_tests' from command line to 'False'
[3.805s] DEBUG:colcon.colcon_core.verb:Building package 'my_button_example' with the following arguments: {'ament_cmake_args': None, 'build_base': '/home/ubuntu/my_button_example/build/my_button_example', 'catkin_cmake_args': None, 'catkin_skip_building_tests': False, 'cmake_args': None, 'cmake_clean_cache': False, 'cmake_clean_first': False, 'cmake_force_configure': False, 'cmake_target': None, 'cmake_target_skip_unavailable': False, 'install_base': '/home/ubuntu/my_button_example/install/my_button_example', 'merge_install': False, 'path': '/home/ubuntu/my_button_example', 'symlink_install': False, 'test_result_base': None}
[3.850s] INFO:colcon.colcon_core.executor:Executing jobs using 'parallel' executor
[3.895s] DEBUG:colcon.colcon_parallel_executor.executor.parallel:run_until_complete
[3.896s] INFO:colcon.colcon_ros.task.ament_cmake.build:Building ROS package in '/home/ubuntu/my_button_example' with build type 'ament_cmake'
[3.896s] INFO:colcon.colcon_cmake.task.cmake.build:Building CMake package in '/home/ubuntu/my_button_example'
[3.945s] INFO:colcon.colcon_core.plugin_system:Skipping extension 'colcon_core.shell.bat': Not used on non-Windows systems
[3.945s] INFO:colcon.colcon_core.shell:Skip shell extension 'powershell' for command environment: Not usable outside of PowerShell
[3.945s] DEBUG:colcon.colcon_core.shell:Skip shell extension 'dsv' for command environment
[4.147s] DEBUG:colcon.colcon_core.event_handler.log_command:Invoking command in '/home/ubuntu/my_button_example/build/my_button_example': CMAKE_PREFIX_PATH=${CMAKE_PREFIX_PATH}:/home/ubuntu/install/push_button_pkg:/opt/ros/humble /usr/bin/cmake --build /home/ubuntu/my_button_example/build/my_button_example -- -j2 -l2
[4.221s] DEBUG:colcon.colcon_core.event_handler.log_command:Invoked command in '/home/ubuntu/my_button_example/build/my_button_example' returned '0': CMAKE_PREFIX_PATH=${CMAKE_PREFIX_PATH}:/home/ubuntu/install/push_button_pkg:/opt/ros/humble /usr/bin/cmake --build /home/ubuntu/my_button_example/build/my_button_example -- -j2 -l2
[4.281s] DEBUG:colcon.colcon_core.event_handler.log_command:Invoking command in '/home/ubuntu/my_button_example/build/my_button_example': CMAKE_PREFIX_PATH=${CMAKE_PREFIX_PATH}:/home/ubuntu/install/push_button_pkg:/opt/ros/humble /usr/bin/cmake --install /home/ubuntu/my_button_example/build/my_button_example
[4.307s] Level 1:colcon.colcon_core.environment:create_environment_scripts_only(my_button_example)
[4.311s] DEBUG:colcon.colcon_core.event_handler.log_command:Invoked command in '/home/ubuntu/my_button_example/build/my_button_example' returned '0': CMAKE_PREFIX_PATH=${CMAKE_PREFIX_PATH}:/home/ubuntu/install/push_button_pkg:/opt/ros/humble /usr/bin/cmake --install /home/ubuntu/my_button_example/build/my_button_example
[4.358s] Level 1:colcon.colcon_core.environment:checking '/home/ubuntu/my_button_example/install/my_button_example' for CMake module files
[4.359s] Level 1:colcon.colcon_core.environment:checking '/home/ubuntu/my_button_example/install/my_button_example' for CMake config files
[4.360s] Level 1:colcon.colcon_core.shell:create_environment_hook('my_button_example', 'cmake_prefix_path')
[4.403s] INFO:colcon.colcon_core.shell:Creating environment hook '/home/ubuntu/my_button_example/install/my_button_example/share/my_button_example/hook/cmake_prefix_path.ps1'
[4.404s] INFO:colcon.colcon_core.shell:Creating environment descriptor '/home/ubuntu/my_button_example/install/my_button_example/share/my_button_example/hook/cmake_prefix_path.dsv'
[4.405s] INFO:colcon.colcon_core.shell:Creating environment hook '/home/ubuntu/my_button_example/install/my_button_example/share/my_button_example/hook/cmake_prefix_path.sh'
[4.407s] Level 1:colcon.colcon_core.environment:checking '/home/ubuntu/my_button_example/install/my_button_example/bin'
[4.407s] Level 1:colcon.colcon_core.environment:checking '/home/ubuntu/my_button_example/install/my_button_example/lib/pkgconfig/my_button_example.pc'
[4.407s] Level 1:colcon.colcon_core.environment:checking '/home/ubuntu/my_button_example/install/my_button_example/lib/python3.10/site-packages'
[4.408s] Level 1:colcon.colcon_core.environment:checking '/home/ubuntu/my_button_example/install/my_button_example/bin'
[4.452s] INFO:colcon.colcon_core.shell:Creating package script '/home/ubuntu/my_button_example/install/my_button_example/share/my_button_example/package.ps1'
[4.453s] INFO:colcon.colcon_core.shell:Creating package descriptor '/home/ubuntu/my_button_example/install/my_button_example/share/my_button_example/package.dsv'
[4.454s] INFO:colcon.colcon_core.shell:Creating package script '/home/ubuntu/my_button_example/install/my_button_example/share/my_button_example/package.sh'
[4.456s] INFO:colcon.colcon_core.shell:Creating package script '/home/ubuntu/my_button_example/install/my_button_example/share/my_button_example/package.bash'
[4.457s] INFO:colcon.colcon_core.shell:Creating package script '/home/ubuntu/my_button_example/install/my_button_example/share/my_button_example/package.zsh'
[4.459s] Level 1:colcon.colcon_core.environment:create_file_with_runtime_dependencies(/home/ubuntu/my_button_example/install/my_button_example/share/colcon-core/packages/my_button_example)
[4.546s] Level 1:colcon.colcon_core.environment:create_environment_scripts_only(my_button_example)
[4.590s] Level 1:colcon.colcon_core.environment:checking '/home/ubuntu/my_button_example/install/my_button_example' for CMake module files
[4.592s] Level 1:colcon.colcon_core.environment:checking '/home/ubuntu/my_button_example/install/my_button_example' for CMake config files
[4.592s] Level 1:colcon.colcon_core.shell:create_environment_hook('my_button_example', 'cmake_prefix_path')
[4.637s] INFO:colcon.colcon_core.shell:Creating environment hook '/home/ubuntu/my_button_example/install/my_button_example/share/my_button_example/hook/cmake_prefix_path.ps1'
[4.638s] INFO:colcon.colcon_core.shell:Creating environment descriptor '/home/ubuntu/my_button_example/install/my_button_example/share/my_button_example/hook/cmake_prefix_path.dsv'
[4.639s] INFO:colcon.colcon_core.shell:Creating environment hook '/home/ubuntu/my_button_example/install/my_button_example/share/my_button_example/hook/cmake_prefix_path.sh'
[4.640s] Level 1:colcon.colcon_core.environment:checking '/home/ubuntu/my_button_example/install/my_button_example/bin'
[4.640s] Level 1:colcon.colcon_core.environment:checking '/home/ubuntu/my_button_example/install/my_button_example/lib/pkgconfig/my_button_example.pc'
[4.640s] Level 1:colcon.colcon_core.environment:checking '/home/ubuntu/my_button_example/install/my_button_example/lib/python3.10/site-packages'
[4.641s] Level 1:colcon.colcon_core.environment:checking '/home/ubuntu/my_button_example/install/my_button_example/bin'
[4.688s] INFO:colcon.colcon_core.shell:Creating package script '/home/ubuntu/my_button_example/install/my_button_example/share/my_button_example/package.ps1'
[4.689s] INFO:colcon.colcon_core.shell:Creating package descriptor '/home/ubuntu/my_button_example/install/my_button_example/share/my_button_example/package.dsv'
[4.690s] INFO:colcon.colcon_core.shell:Creating package script '/home/ubuntu/my_button_example/install/my_button_example/share/my_button_example/package.sh'
[4.691s] INFO:colcon.colcon_core.shell:Creating package script '/home/ubuntu/my_button_example/install/my_button_example/share/my_button_example/package.bash'
[4.692s] INFO:colcon.colcon_core.shell:Creating package script '/home/ubuntu/my_button_example/install/my_button_example/share/my_button_example/package.zsh'
[4.693s] Level 1:colcon.colcon_core.environment:create_file_with_runtime_dependencies(/home/ubuntu/my_button_example/install/my_button_example/share/colcon-core/packages/my_button_example)
[4.694s] DEBUG:colcon.colcon_parallel_executor.executor.parallel:closing loop
[4.696s] DEBUG:colcon.colcon_parallel_executor.executor.parallel:loop closed
[4.696s] DEBUG:colcon.colcon_parallel_executor.executor.parallel:run_until_complete finished with '0'
[4.696s] DEBUG:colcon.colcon_core.event_reactor:joining thread
[4.753s] INFO:colcon.colcon_core.plugin_system:Skipping extension 'colcon_notification.desktop_notification.terminal_notifier': Not used on non-Darwin systems
[4.754s] INFO:colcon.colcon_core.plugin_system:Skipping extension 'colcon_notification.desktop_notification.win32': Not used on non-Windows systems
[4.754s] INFO:colcon.colcon_notification.desktop_notification:Sending desktop notification using 'notify2'
[4.781s] DEBUG:colcon.colcon_core.event_reactor:joined thread
[4.828s] INFO:colcon.colcon_core.shell:Creating prefix script '/home/ubuntu/my_button_example/install/local_setup.ps1'
[4.830s] INFO:colcon.colcon_core.shell:Creating prefix util module '/home/ubuntu/my_button_example/install/_local_setup_util_ps1.py'
[4.833s] INFO:colcon.colcon_core.shell:Creating prefix chain script '/home/ubuntu/my_button_example/install/setup.ps1'
[4.883s] INFO:colcon.colcon_core.shell:Creating prefix script '/home/ubuntu/my_button_example/install/local_setup.sh'
[4.884s] INFO:colcon.colcon_core.shell:Creating prefix util module '/home/ubuntu/my_button_example/install/_local_setup_util_sh.py'
[4.885s] INFO:colcon.colcon_core.shell:Creating prefix chain script '/home/ubuntu/my_button_example/install/setup.sh'
[4.933s] INFO:colcon.colcon_core.shell:Creating prefix script '/home/ubuntu/my_button_example/install/local_setup.bash'
[4.934s] INFO:colcon.colcon_core.shell:Creating prefix chain script '/home/ubuntu/my_button_example/install/setup.bash'
[4.979s] INFO:colcon.colcon_core.shell:Creating prefix script '/home/ubuntu/my_button_example/install/local_setup.zsh'
[4.980s] INFO:colcon.colcon_core.shell:Creating prefix chain script '/home/ubuntu/my_button_example/install/setup.zsh'
