[0.251s] Invoking command in '/home/ubuntu/my_button_example/build/my_button_example': CMAKE_PREFIX_PATH=${CMAKE_PREFIX_PATH}:/home/ubuntu/install/push_button_pkg:/opt/ros/humble /usr/bin/cmake --build /home/ubuntu/my_button_example/build/my_button_example -- -j2 -l2
[0.325s] Invoked command in '/home/ubuntu/my_button_example/build/my_button_example' returned '0': CMAKE_PREFIX_PATH=${CMAKE_PREFIX_PATH}:/home/ubuntu/install/push_button_pkg:/opt/ros/humble /usr/bin/cmake --build /home/ubuntu/my_button_example/build/my_button_example -- -j2 -l2
[0.384s] Invoking command in '/home/ubuntu/my_button_example/build/my_button_example': CMAKE_PREFIX_PATH=${CMAKE_PREFIX_PATH}:/home/ubuntu/install/push_button_pkg:/opt/ros/humble /usr/bin/cmake --install /home/ubuntu/my_button_example/build/my_button_example
[0.403s] -- Install configuration: ""
[0.403s] -- Up-to-date: /home/ubuntu/my_button_example/install/my_button_example/share/ament_index/resource_index/package_run_dependencies/my_button_example
[0.408s] -- Up-to-date: /home/ubuntu/my_button_example/install/my_button_example/share/ament_index/resource_index/parent_prefix_path/my_button_example
[0.408s] -- Up-to-date: /home/ubuntu/my_button_example/install/my_button_example/share/my_button_example/environment/ament_prefix_path.sh
[0.408s] -- Up-to-date: /home/ubuntu/my_button_example/install/my_button_example/share/my_button_example/environment/ament_prefix_path.dsv
[0.408s] -- Up-to-date: /home/ubuntu/my_button_example/install/my_button_example/share/my_button_example/environment/path.sh
[0.408s] -- Up-to-date: /home/ubuntu/my_button_example/install/my_button_example/share/my_button_example/environment/path.dsv
[0.409s] -- Up-to-date: /home/ubuntu/my_button_example/install/my_button_example/share/my_button_example/local_setup.bash
[0.409s] -- Up-to-date: /home/ubuntu/my_button_example/install/my_button_example/share/my_button_example/local_setup.sh
[0.409s] -- Up-to-date: /home/ubuntu/my_button_example/install/my_button_example/share/my_button_example/local_setup.zsh
[0.409s] -- Up-to-date: /home/ubuntu/my_button_example/install/my_button_example/share/my_button_example/local_setup.dsv
[0.409s] -- Up-to-date: /home/ubuntu/my_button_example/install/my_button_example/share/my_button_example/package.dsv
[0.410s] -- Up-to-date: /home/ubuntu/my_button_example/install/my_button_example/share/ament_index/resource_index/packages/my_button_example
[0.410s] -- Up-to-date: /home/ubuntu/my_button_example/install/my_button_example/share/my_button_example/cmake/my_button_exampleConfig.cmake
[0.410s] -- Up-to-date: /home/ubuntu/my_button_example/install/my_button_example/share/my_button_example/cmake/my_button_exampleConfig-version.cmake
[0.410s] -- Up-to-date: /home/ubuntu/my_button_example/install/my_button_example/share/my_button_example/package.xml
[0.415s] Invoked command in '/home/ubuntu/my_button_example/build/my_button_example' returned '0': CMAKE_PREFIX_PATH=${CMAKE_PREFIX_PATH}:/home/ubuntu/install/push_button_pkg:/opt/ros/humble /usr/bin/cmake --install /home/ubuntu/my_button_example/build/my_button_example
